<?xml version="1.0" encoding="UTF-8"?>
<!-- Generated by org.testng.reporters.JUnitReportReporter -->
<testsuite hostname="DESKTOP-ECL3EN8" failures="0" tests="1" name="com.bitm.OrangeHRMTest.Test.LeaveListTest" time="8.166" errors="0" timestamp="2020-08-07T16:02:43 BDT" skipped="0">
  <testcase classname="com.bitm.OrangeHRMTest.Test.LeaveListTest" name="LeaveListTest" time="8.166"/>
  <system-out/>
</testsuite> <!-- com.bitm.OrangeHRMTest.Test.LeaveListTest -->
