<?xml version="1.0" encoding="UTF-8"?>
<!-- Generated by org.testng.reporters.JUnitReportReporter -->
<testsuite hostname="DESKTOP-ECL3EN8" failures="0" tests="2" name="com.bitm.OrangeHRMTest.Test.LoginTest" time="25.947" errors="0" timestamp="2020-08-07T16:02:43 BDT" skipped="0">
  <testcase classname="com.bitm.OrangeHRMTest.Test.LoginTest" name="checkLoginPageTitle" time="8.855"/>
  <system-out/>
  <testcase classname="com.bitm.OrangeHRMTest.Test.LoginTest" name="logintest" time="17.092"/>
  <system-out/>
</testsuite> <!-- com.bitm.OrangeHRMTest.Test.LoginTest -->
